#
# JMF Version 2.1
#

## Platform: Windows 2000, x86, 5.0
## Java VM: Sun Microsystems Inc., 1.3.0

$$ Profile: instantiation: 31 ms

## Player created: com.sun.media.content.unknown.Handler@2a3722
##   using DataSource: com.sun.media.protocol.file.DataSource@7b6889

$$ Profile: parsing: 172 ms

## Building flow graph for: file:/F:/jmwrox/chap2/miniplay/clip1.avi

## Building Track: 0
## Input: IV50, 320x240, FrameRate=10.0, Length=172800 0 extra bytes


## Building Track: 1
## Input: LINEAR, 22050.0 Hz, 8-bit, Mono, Unsigned, FrameSize=8 bits


## Here's the completed flow graph:
  com.sun.media.parser.video.AviParser@38deef
     connects to: com.sun.media.codec.video.vcm.NativeDecoder@342ba4
     format: IV50, 320x240, FrameRate=10.0, Length=172800 0 extra bytes
  com.sun.media.codec.video.vcm.NativeDecoder@342ba4
     connects to: com.sun.media.codec.video.colorspace.JavaRGBConverter@1d332b
     format: RGB, 320x240, FrameRate=10.0, Length=230400, 24-bit, Masks=3:2:1, PixelStride=3, LineStride=960, Flipped
  com.sun.media.codec.video.colorspace.JavaRGBConverter@1d332b
     connects to: com.sun.media.renderer.video.LightWeightRenderer@581784
     format: RGB, 320x240, FrameRate=10.0, Length=76800, 32-bit, Masks=16711680:65280:255, LineStride=320, class [I
  com.sun.media.parser.video.AviParser@38deef
     connects to: com.sun.media.renderer.audio.JavaSoundRenderer@41f10e
     format: LINEAR, 22050.0 Hz, 8-bit, Mono, Unsigned, FrameSize=8 bits


$$ Profile: graph building: 516 ms

$$ Profile: realize, post graph building: 93 ms

$$ Profile: prefetch: 422 ms

## Computed latency for video: 348 ms

